19:05:44,335 DEBUG fr.ensim.xml.deezer.AbstractSearchAlbum - >>find author=Shaka%20Ponk
19:05:44,337 DEBUG fr.ensim.xml.deezer.AbstractSearchAlbum - http://api.deezer.com/2.0/search/album?q=Shaka%20Ponk&output=xml
19:05:49,606 DEBUG fr.ensim.xml.deezer.sax.SAXSearchAlbums - >>readAlbums
19:05:49,640 DEBUG fr.ensim.xml.deezer.sax.SAXSearchAlbums - <<readAlbums
19:05:49,641 DEBUG fr.ensim.xml.deezer.AbstractSearchAlbum - <<find
19:05:49,641 DEBUG fr.ensim.xml.deezer.dom.SearchAlbumTracks - >>albums
19:05:49,641 DEBUG fr.ensim.xml.deezer.dom.SearchAlbumTracks - http://api.deezer.com/2.0/album/47685332?output=xml
19:05:54,764 DEBUG fr.ensim.xml.deezer.dom.SearchAlbumTracks - >>find
19:05:54,792 DEBUG fr.ensim.xml.deezer.dom.SearchAlbumTracks - >>find
19:05:54,793 DEBUG fr.ensim.xml.deezer.dom.SearchAlbumTracks - >>albums
19:05:54,793 DEBUG fr.ensim.xml.deezer.dom.SearchAlbumTracks - http://api.deezer.com/2.0/album/1121440?output=xml
19:05:59,968 DEBUG fr.ensim.xml.deezer.dom.SearchAlbumTracks - >>find
19:05:59,980 DEBUG fr.ensim.xml.deezer.dom.SearchAlbumTracks - >>find
19:05:59,981 DEBUG fr.ensim.xml.deezer.dom.SearchAlbumTracks - >>albums
19:05:59,981 DEBUG fr.ensim.xml.deezer.dom.SearchAlbumTracks - http://api.deezer.com/2.0/album/7529289?output=xml
19:06:05,117 DEBUG fr.ensim.xml.deezer.dom.SearchAlbumTracks - >>find
19:06:05,160 DEBUG fr.ensim.xml.deezer.dom.SearchAlbumTracks - >>find
19:06:05,161 DEBUG fr.ensim.xml.deezer.dom.SearchAlbumTracks - >>albums
19:06:05,161 DEBUG fr.ensim.xml.deezer.dom.SearchAlbumTracks - http://api.deezer.com/2.0/album/625593?output=xml
19:06:10,336 DEBUG fr.ensim.xml.deezer.dom.SearchAlbumTracks - >>find
19:06:10,366 DEBUG fr.ensim.xml.deezer.dom.SearchAlbumTracks - >>find
19:06:10,367 DEBUG fr.ensim.xml.deezer.dom.SearchAlbumTracks - >>albums
19:06:10,367 DEBUG fr.ensim.xml.deezer.dom.SearchAlbumTracks - http://api.deezer.com/2.0/album/8910295?output=xml
19:06:15,501 DEBUG fr.ensim.xml.deezer.dom.SearchAlbumTracks - >>find
19:06:15,533 DEBUG fr.ensim.xml.deezer.dom.SearchAlbumTracks - >>find
19:06:15,534 DEBUG fr.ensim.xml.deezer.dom.SearchAlbumTracks - >>albums
19:06:15,534 DEBUG fr.ensim.xml.deezer.dom.SearchAlbumTracks - http://api.deezer.com/2.0/album/7084004?output=xml
19:06:20,680 DEBUG fr.ensim.xml.deezer.dom.SearchAlbumTracks - >>find
19:06:20,728 DEBUG fr.ensim.xml.deezer.dom.SearchAlbumTracks - >>find
19:06:20,728 DEBUG fr.ensim.xml.deezer.dom.SearchAlbumTracks - >>albums
19:06:20,728 DEBUG fr.ensim.xml.deezer.dom.SearchAlbumTracks - http://api.deezer.com/2.0/album/56633592?output=xml
19:06:25,858 DEBUG fr.ensim.xml.deezer.dom.SearchAlbumTracks - >>find
19:06:25,861 DEBUG fr.ensim.xml.deezer.dom.SearchAlbumTracks - >>find
19:06:25,861 DEBUG fr.ensim.xml.deezer.dom.SearchAlbumTracks - >>albums
19:06:25,861 DEBUG fr.ensim.xml.deezer.dom.SearchAlbumTracks - http://api.deezer.com/2.0/album/637662?output=xml
19:06:30,979 DEBUG fr.ensim.xml.deezer.dom.SearchAlbumTracks - >>find
19:06:31,007 DEBUG fr.ensim.xml.deezer.dom.SearchAlbumTracks - >>find
19:06:31,007 DEBUG fr.ensim.xml.deezer.dom.SearchAlbumTracks - >>albums
19:06:31,008 DEBUG fr.ensim.xml.deezer.dom.SearchAlbumTracks - http://api.deezer.com/2.0/album/43199651?output=xml
19:06:36,143 DEBUG fr.ensim.xml.deezer.dom.SearchAlbumTracks - >>find
19:06:36,150 DEBUG fr.ensim.xml.deezer.dom.SearchAlbumTracks - >>find
19:06:36,150 DEBUG fr.ensim.xml.deezer.dom.SearchAlbumTracks - >>albums
19:06:36,150 DEBUG fr.ensim.xml.deezer.dom.SearchAlbumTracks - http://api.deezer.com/2.0/album/7327738?output=xml
19:06:41,280 DEBUG fr.ensim.xml.deezer.dom.SearchAlbumTracks - >>find
19:06:41,284 DEBUG fr.ensim.xml.deezer.dom.SearchAlbumTracks - >>find
19:06:41,288 DEBUG fr.ensim.xml.deezer.stax.HtmlAlbum - >>write
19:06:41,303 DEBUG fr.ensim.xml.deezer.stax.HtmlAlbum - <<write
19:06:41,742 DEBUG fr.ensim.xml.deezer.Main - <<main
